<?xml version="1.0" encoding="UTF-8"?>
<testsuite xmlns:xsi="http://www.w3.org/2001/XMLSchema-instance" xsi:noNamespaceSchemaLocation="https://maven.apache.org/surefire/maven-surefire-plugin/xsd/surefire-test-report-3.0.xsd" version="3.0" name="org.apache.avro.mapred.FsInputTest" time="1.427" tests="4" errors="0" skipped="0" failures="0">
  <properties>
[...]
</properties>
  <testcase name="testLenght[0]" classname="org.apache.avro.mapred.FsInputTest" time="1.217">
    <system-err><![CDATA[[main] WARN org.apache.hadoop.util.NativeCodeLoader - Unable to load native-hadoop library for your platform... using builtin-java classes where applicable
log4j:WARN No appenders could be found for logger (org.apache.htrace.core.Tracer).
log4j:WARN Please initialize the log4j system properly.
log4j:WARN See http://logging.apache.org/log4j/1.2/faq.html#noconfig for more info.
]]></system-err>
  </testcase>
  <testcase name="testSeekTell[0]" classname="org.apache.avro.mapred.FsInputTest" time="0.016"/>
  <testcase name="testLenght[1]" classname="org.apache.avro.mapred.FsInputTest" time="0.021"/>
  <testcase name="testSeekTell[1]" classname="org.apache.avro.mapred.FsInputTest" time="0.017"/>
</testsuite>