<?xml version="1.0" encoding="UTF-8"?>
<testsuite xmlns:xsi="http://www.w3.org/2001/XMLSchema-instance" xsi:noNamespaceSchemaLocation="https://maven.apache.org/surefire/maven-surefire-plugin/xsd/surefire-test-report-3.0.xsd" version="3.0" name="org.apache.avro.mapred.TestAvroWrapper" time="0.005" tests="4" errors="0" skipped="0" failures="0">
  <properties>
[...]
</properties>
  <testcase name="testWrap[0]" classname="org.apache.avro.mapred.TestAvroWrapper" time="0"/>
  <testcase name="testForJSON[0]" classname="org.apache.avro.mapred.TestAvroWrapper" time="0"/>
  <testcase name="testWrap[1]" classname="org.apache.avro.mapred.TestAvroWrapper" time="0"/>
  <testcase name="testForJSON[1]" classname="org.apache.avro.mapred.TestAvroWrapper" time="0"/>
</testsuite>